2024-10-30 06:28:12,433	[INFO]	(client.py:162)_bot_login	[botpy] 登录机器人账号中...
2024-10-30 06:28:12,852	[INFO]	(robot.py:65)update_access_token	[botpy] access_token expires_in 4347
2024-10-30 06:28:13,093	[ERROR]	(http.py:76)_handle_response	[botpy] 接口请求异常，请求连接: https://api.sgroup.qq.com/users/@me, 错误代码: 401, 返回内容: {'message': '接口访问源IP不在白名单', 'code': 11298, 'err_code': 40023002, 'trace_id': '5a5ff6f1861b1dacee4fe67a9f30f875'}, trace_id:5a5ff6f1861b1dacee4fe67a9f30f875
2024-10-30 06:28:54,885	[INFO]	(client.py:162)_bot_login	[botpy] 登录机器人账号中...
2024-10-30 06:28:55,048	[INFO]	(robot.py:65)update_access_token	[botpy] access_token expires_in 4304
2024-10-30 06:28:55,193	[ERROR]	(http.py:76)_handle_response	[botpy] 接口请求异常，请求连接: https://api.sgroup.qq.com/users/@me, 错误代码: 401, 返回内容: {'message': '接口访问源IP不在白名单', 'code': 11298, 'err_code': 40023002, 'trace_id': 'c2fcde24aed367e920b0b2d6fbb9f1ab'}, trace_id:c2fcde24aed367e920b0b2d6fbb9f1ab
2024-10-30 06:29:16,540	[INFO]	(client.py:162)_bot_login	[botpy] 登录机器人账号中...
2024-10-30 06:29:16,692	[INFO]	(robot.py:65)update_access_token	[botpy] access_token expires_in 4283
2024-10-30 06:29:16,837	[ERROR]	(http.py:76)_handle_response	[botpy] 接口请求异常，请求连接: https://api.sgroup.qq.com/users/@me, 错误代码: 401, 返回内容: {'message': '接口访问源IP不在白名单', 'code': 11298, 'err_code': 40023002, 'trace_id': 'a8c82cd512ec978ae7c17030bc39fba4'}, trace_id:a8c82cd512ec978ae7c17030bc39fba4
2024-10-30 06:33:08,101	[INFO]	(client.py:162)_bot_login	[botpy] 登录机器人账号中...
2024-10-30 06:33:08,241	[INFO]	(robot.py:65)update_access_token	[botpy] access_token expires_in 4051
2024-10-30 06:33:08,653	[INFO]	(client.py:181)_bot_init	[botpy] 程序启动...
2024-10-30 06:33:08,653	[INFO]	(connection.py:60)multi_run	[botpy] 最大并发连接数: 1, 启动会话数: 1
2024-10-30 06:33:08,653	[INFO]	(client.py:242)bot_connect	[botpy] 会话启动中...
2024-10-30 06:33:08,653	[INFO]	(gateway.py:115)ws_connect	[botpy] 启动中...
2024-10-30 06:33:08,775	[INFO]	(gateway.py:142)ws_identify	[botpy] 鉴权中...
2024-10-30 06:33:08,844	[INFO]	(gateway.py:56)on_closed	[botpy] 关闭, 返回码: 4924, 返回信息: session ip forbidden
2024-10-30 06:33:08,844	[INFO]	(gateway.py:62)on_closed	[botpy] 无法重连，创建新连接!
2024-10-30 06:33:08,844	[INFO]	(gateway.py:134)ws_connect	[botpy] ws关闭, 停止接收消息!
2024-10-30 06:33:13,858	[INFO]	(connection.py:60)multi_run	[botpy] 最大并发连接数: 1, 启动会话数: 1
2024-10-30 06:33:13,858	[INFO]	(client.py:242)bot_connect	[botpy] 会话启动中...
2024-10-30 06:33:13,858	[INFO]	(gateway.py:115)ws_connect	[botpy] 启动中...
2024-10-30 06:33:13,970	[INFO]	(gateway.py:142)ws_identify	[botpy] 鉴权中...
2024-10-30 06:33:14,014	[INFO]	(gateway.py:56)on_closed	[botpy] 关闭, 返回码: 4924, 返回信息: session ip forbidden
2024-10-30 06:33:14,014	[INFO]	(gateway.py:62)on_closed	[botpy] 无法重连，创建新连接!
2024-10-30 06:33:14,014	[INFO]	(gateway.py:134)ws_connect	[botpy] ws关闭, 停止接收消息!
2024-10-30 06:33:19,022	[INFO]	(connection.py:60)multi_run	[botpy] 最大并发连接数: 1, 启动会话数: 1
2024-10-30 06:33:19,022	[INFO]	(client.py:242)bot_connect	[botpy] 会话启动中...
2024-10-30 06:33:19,022	[INFO]	(gateway.py:115)ws_connect	[botpy] 启动中...
2024-10-30 06:33:19,138	[INFO]	(gateway.py:142)ws_identify	[botpy] 鉴权中...
2024-10-30 06:33:19,196	[INFO]	(gateway.py:56)on_closed	[botpy] 关闭, 返回码: 4924, 返回信息: session ip forbidden
2024-10-30 06:33:19,196	[INFO]	(gateway.py:62)on_closed	[botpy] 无法重连，创建新连接!
2024-10-30 06:33:19,197	[INFO]	(gateway.py:134)ws_connect	[botpy] ws关闭, 停止接收消息!
2024-10-30 06:33:24,201	[INFO]	(connection.py:60)multi_run	[botpy] 最大并发连接数: 1, 启动会话数: 1
2024-10-30 06:33:24,201	[INFO]	(client.py:242)bot_connect	[botpy] 会话启动中...
2024-10-30 06:33:24,201	[INFO]	(gateway.py:115)ws_connect	[botpy] 启动中...
2024-10-30 06:33:24,356	[INFO]	(gateway.py:142)ws_identify	[botpy] 鉴权中...
2024-10-30 06:33:24,434	[INFO]	(gateway.py:85)on_message	[botpy] 机器人「dwgx-测试中」启动成功！
2024-10-30 06:33:24,434	[INFO]	(gateway.py:223)_send_heart	[botpy] 心跳维持启动...
2024-10-30 06:35:19,990	[INFO]	(client.py:162)_bot_login	[botpy] 登录机器人账号中...
2024-10-30 06:35:20,134	[INFO]	(robot.py:65)update_access_token	[botpy] access_token expires_in 3919
2024-10-30 06:35:20,871	[INFO]	(client.py:181)_bot_init	[botpy] 程序启动...
2024-10-30 06:35:20,872	[INFO]	(connection.py:60)multi_run	[botpy] 最大并发连接数: 1, 启动会话数: 1
2024-10-30 06:35:20,872	[INFO]	(client.py:242)bot_connect	[botpy] 会话启动中...
2024-10-30 06:35:20,872	[INFO]	(gateway.py:115)ws_connect	[botpy] 启动中...
2024-10-30 06:35:20,987	[INFO]	(gateway.py:142)ws_identify	[botpy] 鉴权中...
2024-10-30 06:35:21,068	[INFO]	(gateway.py:85)on_message	[botpy] 机器人「dwgx-测试中」启动成功！
2024-10-30 06:35:21,068	[INFO]	(gateway.py:223)_send_heart	[botpy] 心跳维持启动...
2024-10-30 07:05:20,894	[INFO]	(gateway.py:56)on_closed	[botpy] 关闭, 返回码: 4009, 返回信息: Session timed out
2024-10-30 07:05:20,895	[INFO]	(gateway.py:134)ws_connect	[botpy] ws关闭, 停止接收消息!
2024-10-30 07:05:25,893	[INFO]	(connection.py:60)multi_run	[botpy] 最大并发连接数: 1, 启动会话数: 1
2024-10-30 07:05:25,893	[INFO]	(client.py:242)bot_connect	[botpy] 会话启动中...
2024-10-30 07:05:25,893	[INFO]	(gateway.py:115)ws_connect	[botpy] 启动中...
2024-10-30 07:05:26,055	[INFO]	(gateway.py:175)ws_resume	[botpy] 重连启动...
2024-10-30 07:05:26,125	[INFO]	(gateway.py:90)on_message	[botpy] 机器人重连成功! 
2024-10-30 07:05:26,125	[INFO]	(gateway.py:223)_send_heart	[botpy] 心跳维持启动...
