2024-10-21 21:43:01,598	[INFO]	(client.py:162)_bot_login	[botpy] 登录机器人账号中...
2024-10-21 21:43:01,801	[INFO]	(robot.py:65)update_access_token	[botpy] access_token expires_in 6061
2024-10-21 21:43:02,270	[INFO]	(client.py:181)_bot_init	[botpy] 程序启动...
2024-10-21 21:43:02,270	[INFO]	(connection.py:60)multi_run	[botpy] 最大并发连接数: 1, 启动会话数: 1
2024-10-21 21:43:02,270	[INFO]	(client.py:242)bot_connect	[botpy] 会话启动中...
2024-10-21 21:43:02,270	[INFO]	(gateway.py:115)ws_connect	[botpy] 启动中...
2024-10-21 21:43:02,409	[INFO]	(gateway.py:142)ws_identify	[botpy] 鉴权中...
2024-10-21 21:43:02,495	[INFO]	(gateway.py:85)on_message	[botpy] 机器人「dwgx-测试中」启动成功！
2024-10-21 21:43:02,495	[INFO]	(gateway.py:223)_send_heart	[botpy] 心跳维持启动...
2024-10-21 21:46:08,296	[INFO]	(client.py:162)_bot_login	[botpy] 登录机器人账号中...
2024-10-21 21:46:08,435	[INFO]	(robot.py:65)update_access_token	[botpy] access_token expires_in 5874
2024-10-21 21:46:08,940	[INFO]	(client.py:181)_bot_init	[botpy] 程序启动...
2024-10-21 21:46:08,940	[INFO]	(connection.py:60)multi_run	[botpy] 最大并发连接数: 1, 启动会话数: 1
2024-10-21 21:46:08,940	[INFO]	(client.py:242)bot_connect	[botpy] 会话启动中...
2024-10-21 21:46:08,940	[INFO]	(gateway.py:115)ws_connect	[botpy] 启动中...
2024-10-21 21:46:09,096	[INFO]	(gateway.py:142)ws_identify	[botpy] 鉴权中...
2024-10-21 21:46:09,206	[INFO]	(gateway.py:85)on_message	[botpy] 机器人「dwgx-测试中」启动成功！
2024-10-21 21:46:09,206	[INFO]	(gateway.py:223)_send_heart	[botpy] 心跳维持启动...
2024-10-21 21:48:27,228	[INFO]	(client.py:162)_bot_login	[botpy] 登录机器人账号中...
2024-10-21 21:48:27,413	[INFO]	(robot.py:65)update_access_token	[botpy] access_token expires_in 5735
2024-10-21 21:48:27,823	[INFO]	(client.py:181)_bot_init	[botpy] 程序启动...
2024-10-21 21:48:27,823	[INFO]	(connection.py:60)multi_run	[botpy] 最大并发连接数: 1, 启动会话数: 1
2024-10-21 21:48:27,823	[INFO]	(client.py:242)bot_connect	[botpy] 会话启动中...
2024-10-21 21:48:27,823	[INFO]	(gateway.py:115)ws_connect	[botpy] 启动中...
2024-10-21 21:48:27,964	[INFO]	(gateway.py:142)ws_identify	[botpy] 鉴权中...
2024-10-21 21:48:28,049	[INFO]	(gateway.py:85)on_message	[botpy] 机器人「dwgx-测试中」启动成功！
2024-10-21 21:48:28,049	[INFO]	(gateway.py:223)_send_heart	[botpy] 心跳维持启动...
2024-10-21 21:48:35,345	[INFO]	(client.py:162)_bot_login	[botpy] 登录机器人账号中...
2024-10-21 21:48:35,551	[INFO]	(robot.py:65)update_access_token	[botpy] access_token expires_in 5727
2024-10-21 21:48:35,995	[INFO]	(client.py:181)_bot_init	[botpy] 程序启动...
2024-10-21 21:48:35,996	[INFO]	(connection.py:60)multi_run	[botpy] 最大并发连接数: 1, 启动会话数: 1
2024-10-21 21:48:35,996	[INFO]	(client.py:242)bot_connect	[botpy] 会话启动中...
2024-10-21 21:48:35,996	[INFO]	(gateway.py:115)ws_connect	[botpy] 启动中...
2024-10-21 21:48:36,123	[INFO]	(gateway.py:142)ws_identify	[botpy] 鉴权中...
2024-10-21 21:48:36,235	[INFO]	(gateway.py:85)on_message	[botpy] 机器人「dwgx-测试中」启动成功！
2024-10-21 21:48:36,235	[INFO]	(gateway.py:223)_send_heart	[botpy] 心跳维持启动...
2024-10-21 21:53:42,534	[INFO]	(client.py:162)_bot_login	[botpy] 登录机器人账号中...
2024-10-21 21:53:42,794	[INFO]	(robot.py:65)update_access_token	[botpy] access_token expires_in 5420
2024-10-21 21:53:43,240	[INFO]	(client.py:181)_bot_init	[botpy] 程序启动...
2024-10-21 21:53:43,240	[INFO]	(connection.py:60)multi_run	[botpy] 最大并发连接数: 1, 启动会话数: 1
2024-10-21 21:53:43,240	[INFO]	(client.py:242)bot_connect	[botpy] 会话启动中...
2024-10-21 21:53:43,241	[INFO]	(gateway.py:115)ws_connect	[botpy] 启动中...
2024-10-21 21:53:43,381	[INFO]	(gateway.py:142)ws_identify	[botpy] 鉴权中...
2024-10-21 21:53:43,512	[INFO]	(gateway.py:85)on_message	[botpy] 机器人「dwgx-测试中」启动成功！
2024-10-21 21:53:43,512	[INFO]	(gateway.py:223)_send_heart	[botpy] 心跳维持启动...
2024-10-21 22:02:42,461	[INFO]	(client.py:162)_bot_login	[botpy] 登录机器人账号中...
2024-10-21 22:02:42,628	[INFO]	(robot.py:65)update_access_token	[botpy] access_token expires_in 4880
2024-10-21 22:02:43,128	[INFO]	(client.py:181)_bot_init	[botpy] 程序启动...
2024-10-21 22:02:43,129	[INFO]	(connection.py:60)multi_run	[botpy] 最大并发连接数: 1, 启动会话数: 1
2024-10-21 22:02:43,129	[INFO]	(client.py:242)bot_connect	[botpy] 会话启动中...
2024-10-21 22:02:43,129	[INFO]	(gateway.py:115)ws_connect	[botpy] 启动中...
2024-10-21 22:02:43,282	[INFO]	(gateway.py:142)ws_identify	[botpy] 鉴权中...
2024-10-21 22:02:43,384	[INFO]	(gateway.py:85)on_message	[botpy] 机器人「dwgx-测试中」启动成功！
2024-10-21 22:02:43,384	[INFO]	(gateway.py:223)_send_heart	[botpy] 心跳维持启动...
2024-10-21 23:24:20,876	[INFO]	(client.py:162)_bot_login	[botpy] 登录机器人账号中...
2024-10-21 23:24:21,116	[INFO]	(robot.py:65)update_access_token	[botpy] access_token expires_in 7200
2024-10-21 23:24:21,583	[INFO]	(client.py:181)_bot_init	[botpy] 程序启动...
2024-10-21 23:24:21,583	[INFO]	(connection.py:60)multi_run	[botpy] 最大并发连接数: 1, 启动会话数: 1
2024-10-21 23:24:21,583	[INFO]	(client.py:242)bot_connect	[botpy] 会话启动中...
2024-10-21 23:24:21,583	[INFO]	(gateway.py:115)ws_connect	[botpy] 启动中...
2024-10-21 23:24:21,763	[INFO]	(gateway.py:142)ws_identify	[botpy] 鉴权中...
2024-10-21 23:24:21,852	[INFO]	(gateway.py:85)on_message	[botpy] 机器人「dwgx-测试中」启动成功！
2024-10-21 23:24:21,852	[INFO]	(gateway.py:223)_send_heart	[botpy] 心跳维持启动...
2024-10-21 23:29:43,745	[INFO]	(client.py:162)_bot_login	[botpy] 登录机器人账号中...
2024-10-21 23:29:43,885	[INFO]	(robot.py:65)update_access_token	[botpy] access_token expires_in 6877
2024-10-21 23:29:44,371	[INFO]	(client.py:181)_bot_init	[botpy] 程序启动...
2024-10-21 23:29:44,371	[INFO]	(connection.py:60)multi_run	[botpy] 最大并发连接数: 1, 启动会话数: 1
2024-10-21 23:29:44,371	[INFO]	(client.py:242)bot_connect	[botpy] 会话启动中...
2024-10-21 23:29:44,371	[INFO]	(gateway.py:115)ws_connect	[botpy] 启动中...
2024-10-21 23:29:44,527	[INFO]	(gateway.py:142)ws_identify	[botpy] 鉴权中...
2024-10-21 23:29:44,641	[INFO]	(gateway.py:85)on_message	[botpy] 机器人「dwgx-测试中」启动成功！
2024-10-21 23:29:44,642	[INFO]	(gateway.py:223)_send_heart	[botpy] 心跳维持启动...
2024-10-21 23:39:05,005	[INFO]	(client.py:162)_bot_login	[botpy] 登录机器人账号中...
2024-10-21 23:39:05,173	[INFO]	(robot.py:65)update_access_token	[botpy] access_token expires_in 6316
2024-10-21 23:39:05,620	[INFO]	(client.py:181)_bot_init	[botpy] 程序启动...
2024-10-21 23:39:05,620	[INFO]	(connection.py:60)multi_run	[botpy] 最大并发连接数: 1, 启动会话数: 1
2024-10-21 23:39:05,620	[INFO]	(client.py:242)bot_connect	[botpy] 会话启动中...
2024-10-21 23:39:05,620	[INFO]	(gateway.py:115)ws_connect	[botpy] 启动中...
2024-10-21 23:39:05,772	[INFO]	(gateway.py:142)ws_identify	[botpy] 鉴权中...
2024-10-21 23:39:05,860	[INFO]	(gateway.py:85)on_message	[botpy] 机器人「dwgx-测试中」启动成功！
2024-10-21 23:39:05,860	[INFO]	(gateway.py:223)_send_heart	[botpy] 心跳维持启动...
2024-10-21 23:40:27,479	[INFO]	(client.py:162)_bot_login	[botpy] 登录机器人账号中...
2024-10-21 23:40:27,636	[INFO]	(robot.py:65)update_access_token	[botpy] access_token expires_in 6233
2024-10-21 23:40:28,098	[INFO]	(client.py:181)_bot_init	[botpy] 程序启动...
2024-10-21 23:40:28,098	[INFO]	(connection.py:60)multi_run	[botpy] 最大并发连接数: 1, 启动会话数: 1
2024-10-21 23:40:28,098	[INFO]	(client.py:242)bot_connect	[botpy] 会话启动中...
2024-10-21 23:40:28,098	[INFO]	(gateway.py:115)ws_connect	[botpy] 启动中...
2024-10-21 23:40:28,239	[INFO]	(gateway.py:142)ws_identify	[botpy] 鉴权中...
2024-10-21 23:40:28,369	[INFO]	(gateway.py:85)on_message	[botpy] 机器人「dwgx-测试中」启动成功！
2024-10-21 23:40:28,369	[INFO]	(gateway.py:223)_send_heart	[botpy] 心跳维持启动...
2024-10-21 23:41:49,098	[INFO]	(client.py:162)_bot_login	[botpy] 登录机器人账号中...
2024-10-21 23:41:49,254	[INFO]	(robot.py:65)update_access_token	[botpy] access_token expires_in 6152
2024-10-21 23:41:49,702	[INFO]	(client.py:181)_bot_init	[botpy] 程序启动...
2024-10-21 23:41:49,702	[INFO]	(connection.py:60)multi_run	[botpy] 最大并发连接数: 1, 启动会话数: 1
2024-10-21 23:41:49,702	[INFO]	(client.py:242)bot_connect	[botpy] 会话启动中...
2024-10-21 23:41:49,702	[INFO]	(gateway.py:115)ws_connect	[botpy] 启动中...
2024-10-21 23:41:49,849	[INFO]	(gateway.py:142)ws_identify	[botpy] 鉴权中...
2024-10-21 23:41:49,929	[INFO]	(gateway.py:85)on_message	[botpy] 机器人「dwgx-测试中」启动成功！
2024-10-21 23:41:49,929	[INFO]	(gateway.py:223)_send_heart	[botpy] 心跳维持启动...
2024-10-21 23:42:05,884	[INFO]	(client.py:162)_bot_login	[botpy] 登录机器人账号中...
2024-10-21 23:42:06,038	[INFO]	(robot.py:65)update_access_token	[botpy] access_token expires_in 6135
2024-10-21 23:42:06,431	[INFO]	(client.py:181)_bot_init	[botpy] 程序启动...
2024-10-21 23:42:06,431	[INFO]	(connection.py:60)multi_run	[botpy] 最大并发连接数: 1, 启动会话数: 1
2024-10-21 23:42:06,431	[INFO]	(client.py:242)bot_connect	[botpy] 会话启动中...
2024-10-21 23:42:06,431	[INFO]	(gateway.py:115)ws_connect	[botpy] 启动中...
2024-10-21 23:42:06,561	[INFO]	(gateway.py:142)ws_identify	[botpy] 鉴权中...
2024-10-21 23:42:06,653	[INFO]	(gateway.py:85)on_message	[botpy] 机器人「dwgx-测试中」启动成功！
2024-10-21 23:42:06,653	[INFO]	(gateway.py:223)_send_heart	[botpy] 心跳维持启动...
2024-10-21 23:42:55,393	[INFO]	(client.py:162)_bot_login	[botpy] 登录机器人账号中...
2024-10-21 23:42:55,557	[INFO]	(robot.py:65)update_access_token	[botpy] access_token expires_in 6086
2024-10-21 23:42:56,059	[INFO]	(client.py:181)_bot_init	[botpy] 程序启动...
2024-10-21 23:42:56,059	[INFO]	(connection.py:60)multi_run	[botpy] 最大并发连接数: 1, 启动会话数: 1
2024-10-21 23:42:56,060	[INFO]	(client.py:242)bot_connect	[botpy] 会话启动中...
2024-10-21 23:42:56,060	[INFO]	(gateway.py:115)ws_connect	[botpy] 启动中...
2024-10-21 23:42:56,197	[INFO]	(gateway.py:142)ws_identify	[botpy] 鉴权中...
2024-10-21 23:42:56,303	[INFO]	(gateway.py:85)on_message	[botpy] 机器人「dwgx-测试中」启动成功！
2024-10-21 23:42:56,304	[INFO]	(gateway.py:223)_send_heart	[botpy] 心跳维持启动...
2024-10-21 23:59:07,625	[INFO]	(client.py:162)_bot_login	[botpy] 登录机器人账号中...
2024-10-21 23:59:07,856	[INFO]	(robot.py:65)update_access_token	[botpy] access_token expires_in 5113
2024-10-21 23:59:08,348	[INFO]	(client.py:181)_bot_init	[botpy] 程序启动...
2024-10-21 23:59:08,348	[INFO]	(connection.py:60)multi_run	[botpy] 最大并发连接数: 1, 启动会话数: 1
2024-10-21 23:59:08,348	[INFO]	(client.py:242)bot_connect	[botpy] 会话启动中...
2024-10-21 23:59:08,348	[INFO]	(gateway.py:115)ws_connect	[botpy] 启动中...
2024-10-21 23:59:08,492	[INFO]	(gateway.py:142)ws_identify	[botpy] 鉴权中...
2024-10-21 23:59:08,596	[INFO]	(gateway.py:85)on_message	[botpy] 机器人「dwgx-测试中」启动成功！
2024-10-21 23:59:08,596	[INFO]	(gateway.py:223)_send_heart	[botpy] 心跳维持启动...
2024-10-22 00:02:02,638	[INFO]	(client.py:162)_bot_login	[botpy] 登录机器人账号中...
2024-10-22 00:02:02,792	[INFO]	(robot.py:65)update_access_token	[botpy] access_token expires_in 4938
2024-10-22 00:02:03,247	[INFO]	(client.py:181)_bot_init	[botpy] 程序启动...
2024-10-22 00:02:03,247	[INFO]	(connection.py:60)multi_run	[botpy] 最大并发连接数: 1, 启动会话数: 1
2024-10-22 00:02:03,247	[INFO]	(client.py:242)bot_connect	[botpy] 会话启动中...
2024-10-22 00:02:03,247	[INFO]	(gateway.py:115)ws_connect	[botpy] 启动中...
2024-10-22 00:02:03,379	[INFO]	(gateway.py:142)ws_identify	[botpy] 鉴权中...
2024-10-22 00:02:03,462	[INFO]	(gateway.py:85)on_message	[botpy] 机器人「dwgx-测试中」启动成功！
2024-10-22 00:02:03,462	[INFO]	(gateway.py:223)_send_heart	[botpy] 心跳维持启动...
2024-10-22 00:05:42,304	[INFO]	(client.py:162)_bot_login	[botpy] 登录机器人账号中...
2024-10-22 00:05:42,495	[INFO]	(robot.py:65)update_access_token	[botpy] access_token expires_in 4718
2024-10-22 00:05:42,953	[INFO]	(client.py:181)_bot_init	[botpy] 程序启动...
2024-10-22 00:05:42,953	[INFO]	(connection.py:60)multi_run	[botpy] 最大并发连接数: 1, 启动会话数: 1
2024-10-22 00:05:42,953	[INFO]	(client.py:242)bot_connect	[botpy] 会话启动中...
2024-10-22 00:05:42,953	[INFO]	(gateway.py:115)ws_connect	[botpy] 启动中...
2024-10-22 00:05:43,078	[INFO]	(gateway.py:142)ws_identify	[botpy] 鉴权中...
2024-10-22 00:05:43,169	[INFO]	(gateway.py:85)on_message	[botpy] 机器人「dwgx-测试中」启动成功！
2024-10-22 00:05:43,169	[INFO]	(gateway.py:223)_send_heart	[botpy] 心跳维持启动...
2024-10-22 00:21:15,376	[INFO]	(client.py:162)_bot_login	[botpy] 登录机器人账号中...
2024-10-22 00:21:15,603	[INFO]	(robot.py:65)update_access_token	[botpy] access_token expires_in 3785
2024-10-22 00:21:16,077	[INFO]	(client.py:181)_bot_init	[botpy] 程序启动...
2024-10-22 00:21:16,077	[INFO]	(connection.py:60)multi_run	[botpy] 最大并发连接数: 1, 启动会话数: 1
2024-10-22 00:21:16,077	[INFO]	(client.py:242)bot_connect	[botpy] 会话启动中...
2024-10-22 00:21:16,077	[INFO]	(gateway.py:115)ws_connect	[botpy] 启动中...
2024-10-22 00:21:16,208	[INFO]	(gateway.py:142)ws_identify	[botpy] 鉴权中...
2024-10-22 00:21:16,296	[INFO]	(gateway.py:85)on_message	[botpy] 机器人「dwgx-测试中」启动成功！
2024-10-22 00:21:16,296	[INFO]	(gateway.py:223)_send_heart	[botpy] 心跳维持启动...
2024-10-22 00:23:33,154	[INFO]	(client.py:162)_bot_login	[botpy] 登录机器人账号中...
2024-10-22 00:23:33,305	[INFO]	(robot.py:65)update_access_token	[botpy] access_token expires_in 3648
2024-10-22 00:23:33,743	[INFO]	(client.py:181)_bot_init	[botpy] 程序启动...
2024-10-22 00:23:33,743	[INFO]	(connection.py:60)multi_run	[botpy] 最大并发连接数: 1, 启动会话数: 1
2024-10-22 00:23:33,743	[INFO]	(client.py:242)bot_connect	[botpy] 会话启动中...
2024-10-22 00:23:33,743	[INFO]	(gateway.py:115)ws_connect	[botpy] 启动中...
2024-10-22 00:23:33,907	[INFO]	(gateway.py:142)ws_identify	[botpy] 鉴权中...
2024-10-22 00:23:33,997	[INFO]	(gateway.py:85)on_message	[botpy] 机器人「dwgx-测试中」启动成功！
2024-10-22 00:23:33,997	[INFO]	(gateway.py:223)_send_heart	[botpy] 心跳维持启动...
2024-10-22 00:23:40,535	[ERROR]	(http.py:76)_handle_response	[botpy] 接口请求异常，请求连接: https://api.sgroup.qq.com/channels/668156514/messages, 错误代码: 500, 返回内容: {'code': 2000000, 'message': 'type:business, code:4, msg:null', 'err_code': 2000000, 'trace_id': 'f7ff30d7c00f19761197931e88f45fbe'}, trace_id:f7ff30d7c00f19761197931e88f45fbe
2024-10-22 00:23:51,873	[INFO]	(client.py:162)_bot_login	[botpy] 登录机器人账号中...
2024-10-22 00:23:52,080	[INFO]	(robot.py:65)update_access_token	[botpy] access_token expires_in 3629
2024-10-22 00:23:52,499	[INFO]	(client.py:181)_bot_init	[botpy] 程序启动...
2024-10-22 00:23:52,499	[INFO]	(connection.py:60)multi_run	[botpy] 最大并发连接数: 1, 启动会话数: 1
2024-10-22 00:23:52,499	[INFO]	(client.py:242)bot_connect	[botpy] 会话启动中...
2024-10-22 00:23:52,499	[INFO]	(gateway.py:115)ws_connect	[botpy] 启动中...
2024-10-22 00:23:52,649	[INFO]	(gateway.py:142)ws_identify	[botpy] 鉴权中...
2024-10-22 00:23:52,735	[INFO]	(gateway.py:85)on_message	[botpy] 机器人「dwgx-测试中」启动成功！
2024-10-22 00:23:52,735	[INFO]	(gateway.py:223)_send_heart	[botpy] 心跳维持启动...
2024-10-22 00:24:39,050	[INFO]	(client.py:162)_bot_login	[botpy] 登录机器人账号中...
2024-10-22 00:24:39,186	[INFO]	(robot.py:65)update_access_token	[botpy] access_token expires_in 3582
2024-10-22 00:24:39,591	[INFO]	(client.py:181)_bot_init	[botpy] 程序启动...
2024-10-22 00:24:39,592	[INFO]	(connection.py:60)multi_run	[botpy] 最大并发连接数: 1, 启动会话数: 1
2024-10-22 00:24:39,592	[INFO]	(client.py:242)bot_connect	[botpy] 会话启动中...
2024-10-22 00:24:39,592	[INFO]	(gateway.py:115)ws_connect	[botpy] 启动中...
2024-10-22 00:24:39,744	[INFO]	(gateway.py:142)ws_identify	[botpy] 鉴权中...
2024-10-22 00:24:39,863	[INFO]	(gateway.py:85)on_message	[botpy] 机器人「dwgx-测试中」启动成功！
2024-10-22 00:24:39,863	[INFO]	(gateway.py:223)_send_heart	[botpy] 心跳维持启动...
2024-10-22 00:27:36,218	[INFO]	(client.py:162)_bot_login	[botpy] 登录机器人账号中...
2024-10-22 00:27:36,453	[INFO]	(robot.py:65)update_access_token	[botpy] access_token expires_in 3404
2024-10-22 00:27:37,027	[INFO]	(client.py:181)_bot_init	[botpy] 程序启动...
2024-10-22 00:27:37,027	[INFO]	(connection.py:60)multi_run	[botpy] 最大并发连接数: 1, 启动会话数: 1
2024-10-22 00:27:37,027	[INFO]	(client.py:242)bot_connect	[botpy] 会话启动中...
2024-10-22 00:27:37,027	[INFO]	(gateway.py:115)ws_connect	[botpy] 启动中...
2024-10-22 00:27:37,158	[INFO]	(gateway.py:142)ws_identify	[botpy] 鉴权中...
2024-10-22 00:27:37,268	[INFO]	(gateway.py:85)on_message	[botpy] 机器人「dwgx-测试中」启动成功！
2024-10-22 00:27:37,268	[INFO]	(gateway.py:223)_send_heart	[botpy] 心跳维持启动...
2024-10-22 00:31:49,746	[INFO]	(client.py:162)_bot_login	[botpy] 登录机器人账号中...
2024-10-22 00:31:49,890	[INFO]	(robot.py:65)update_access_token	[botpy] access_token expires_in 3151
2024-10-22 00:31:50,368	[INFO]	(client.py:181)_bot_init	[botpy] 程序启动...
2024-10-22 00:31:50,368	[INFO]	(connection.py:60)multi_run	[botpy] 最大并发连接数: 1, 启动会话数: 1
2024-10-22 00:31:50,368	[INFO]	(client.py:242)bot_connect	[botpy] 会话启动中...
2024-10-22 00:31:50,368	[INFO]	(gateway.py:115)ws_connect	[botpy] 启动中...
2024-10-22 00:31:50,492	[INFO]	(gateway.py:142)ws_identify	[botpy] 鉴权中...
2024-10-22 00:31:50,572	[INFO]	(gateway.py:85)on_message	[botpy] 机器人「dwgx-测试中」启动成功！
2024-10-22 00:31:50,572	[INFO]	(gateway.py:223)_send_heart	[botpy] 心跳维持启动...
2024-10-22 00:32:00,154	[ERROR]	(http.py:76)_handle_response	[botpy] 接口请求异常，请求连接: https://api.sgroup.qq.com/channels/668156514/messages, 错误代码: 500, 返回内容: {'code': 2000000, 'message': 'type:business, code:4, msg:null', 'err_code': 2000000, 'trace_id': 'b4c2ad09dca808c10f3af0460cb1f4cd'}, trace_id:b4c2ad09dca808c10f3af0460cb1f4cd
2024-10-22 00:32:28,781	[INFO]	(client.py:162)_bot_login	[botpy] 登录机器人账号中...
2024-10-22 00:32:29,083	[INFO]	(robot.py:65)update_access_token	[botpy] access_token expires_in 3112
2024-10-22 00:32:29,568	[INFO]	(client.py:181)_bot_init	[botpy] 程序启动...
2024-10-22 00:32:29,569	[INFO]	(connection.py:60)multi_run	[botpy] 最大并发连接数: 1, 启动会话数: 1
2024-10-22 00:32:29,569	[INFO]	(client.py:242)bot_connect	[botpy] 会话启动中...
2024-10-22 00:32:29,569	[INFO]	(gateway.py:115)ws_connect	[botpy] 启动中...
2024-10-22 00:32:29,779	[INFO]	(gateway.py:142)ws_identify	[botpy] 鉴权中...
2024-10-22 00:32:29,873	[INFO]	(gateway.py:85)on_message	[botpy] 机器人「dwgx-测试中」启动成功！
2024-10-22 00:32:29,873	[INFO]	(gateway.py:223)_send_heart	[botpy] 心跳维持启动...
